<?xml version="1.0" encoding="UTF-8"?>
<testng-results skipped="0" failed="0" total="4" passed="4">
  <reporter-output>
  </reporter-output>
  <suite name="Suite" duration-ms="47994" started-at="2021-04-28T13:48:07Z" finished-at="2021-04-28T13:48:55Z">
    <groups>
    </groups>
    <test name="Test" duration-ms="47994" started-at="2021-04-28T13:48:07Z" finished-at="2021-04-28T13:48:55Z">
      <class name="test.testlogin">
        <test-method status="PASS" signature="createdriver1(java.lang.String)[pri:0, instance:test.testlogin@769c9116]" name="createdriver1" is-config="true" duration-ms="14380" started-at="2021-04-28T19:18:07Z" finished-at="2021-04-28T19:18:22Z">
          <params>
            <param index="0">
              <value>
                <![CDATA[chrome]]>
              </value>
            </param>
          </params>
          <reporter-output>
          </reporter-output>
        </test-method> <!-- createdriver1 -->
        <test-method status="PASS" signature="loginTC()[pri:0, instance:test.testlogin@769c9116]" name="loginTC" duration-ms="8531" started-at="2021-04-28T19:18:22Z" finished-at="2021-04-28T19:18:30Z">
          <reporter-output>
          </reporter-output>
        </test-method> <!-- loginTC -->
        <test-method status="PASS" signature="createnewissueTC()[pri:0, instance:test.testlogin@769c9116]" name="createnewissueTC" duration-ms="6924" started-at="2021-04-28T19:18:30Z" finished-at="2021-04-28T19:18:37Z">
          <reporter-output>
          </reporter-output>
        </test-method> <!-- createnewissueTC -->
        <test-method status="PASS" signature="searchexistingissueTC()[pri:0, instance:test.testlogin@769c9116]" name="searchexistingissueTC" duration-ms="11900" started-at="2021-04-28T19:18:37Z" finished-at="2021-04-28T19:18:49Z">
          <reporter-output>
          </reporter-output>
        </test-method> <!-- searchexistingissueTC -->
        <test-method status="PASS" signature="existingissueupdateTC()[pri:0, instance:test.testlogin@769c9116]" name="existingissueupdateTC" duration-ms="4735" started-at="2021-04-28T19:18:49Z" finished-at="2021-04-28T19:18:54Z">
          <reporter-output>
          </reporter-output>
        </test-method> <!-- existingissueupdateTC -->
        <test-method status="PASS" signature="closedriver()[pri:0, instance:test.testlogin@769c9116]" name="closedriver" is-config="true" duration-ms="1491" started-at="2021-04-28T19:18:54Z" finished-at="2021-04-28T19:18:55Z">
          <reporter-output>
          </reporter-output>
        </test-method> <!-- closedriver -->
      </class> <!-- test.testlogin -->
    </test> <!-- Test -->
  </suite> <!-- Suite -->
</testng-results>
