<?xml version="1.0" encoding="UTF-8"?>
<!-- Generated by org.testng.reporters.JUnitXMLReporter -->
<testsuite hostname="DESKTOP-QT14N5M" name="Test" tests="4" failures="0" timestamp="28 Apr 2021 13:48:55 GMT" time="47.994" errors="0">
  <testcase name="loginTC" time="8.531" classname="test.testlogin"/>
  <testcase name="createnewissueTC" time="6.924" classname="test.testlogin"/>
  <testcase name="searchexistingissueTC" time="11.9" classname="test.testlogin"/>
  <testcase name="existingissueupdateTC" time="4.735" classname="test.testlogin"/>
</testsuite> <!-- Test -->
